0 info it worked if it ends with ok
1 verbose cli [ '/home/rongying/.linuxbrew/Cellar/node/5.7.0/bin/node',
1 verbose cli   '/home/rongying/.linuxbrew/bin/npm',
1 verbose cli   'run',
1 verbose cli   'dev' ]
2 info using npm@3.6.0
3 info using node@v5.7.0
4 verbose config Skipping project config: /home/rongying/.npmrc. (matches userconfig)
5 verbose stack Error: ENOENT: no such file or directory, open '/home/rongying/package.json'
5 verbose stack     at Error (native)
6 verbose cwd /home/rongying/game/freewee
7 error Linux 3.16.0-30-generic
8 error argv "/home/rongying/.linuxbrew/Cellar/node/5.7.0/bin/node" "/home/rongying/.linuxbrew/bin/npm" "run" "dev"
9 error node v5.7.0
10 error npm  v3.6.0
11 error path /home/rongying/package.json
12 error code ENOENT
13 error errno -2
14 error syscall open
15 error enoent ENOENT: no such file or directory, open '/home/rongying/package.json'
16 error enoent ENOENT: no such file or directory, open '/home/rongying/package.json'
16 error enoent This is most likely not a problem with npm itself
16 error enoent and is related to npm not being able to find a file.
17 verbose exit [ -2, true ]
